<?xml version="1.0" encoding="UTF-8"?>
<!-- Generated by org.testng.reporters.JUnitReportReporter -->
<testsuite skipped="0" hostname="IN-QA10" name="org.EnterpriseSSP.TestCase.TC_Login" tests="1" failures="0" timestamp="23 Feb 2019 11:53:51 GMT" time="15.662" errors="0">
  <testcase name="TC_001" time="15.662" classname="org.EnterpriseSSP.TestCase.TC_Login"/>
</testsuite> <!-- org.EnterpriseSSP.TestCase.TC_Login -->
